Created by PLY version 3.10 (http://www.dabeaz.com/ply)

Grammar

Rule 0     S' -> term
Rule 1     term -> ELEMENTO
Rule 2     term -> ELEMENTOMINUS
Rule 3     term -> CEELE
Rule 4     ce -> ELEMENTO
Rule 5     term -> term SIMBOLOS
Rule 6     term -> term SIMBOLOS term
Rule 7     term -> term IGUAL term
Rule 8     term -> term HASHTAG term
Rule 9     term -> term SIFRAO term
Rule 10    term -> SIMBOLOS term
Rule 11    term -> term term
Rule 12    term -> term NUMBER

Terminals, with rules where they appear

CEELE                : 3
ELEMENTO             : 1 4
ELEMENTOMINUS        : 2
HASHTAG              : 8
IGUAL                : 7
NUMBER               : 12
SIFRAO               : 9
SIMBOLOS             : 5 6 10
error                : 

Nonterminals, with rules where they appear

ce                   : 
term                 : 5 6 6 7 7 8 8 9 9 10 11 11 12 0

Parsing method: LALR

state 0

    (0) S' -> . term
    (1) term -> . ELEMENTO
    (2) term -> . ELEMENTOMINUS
    (3) term -> . CEELE
    (5) term -> . term SIMBOLOS
    (6) term -> . term SIMBOLOS term
    (7) term -> . term IGUAL term
    (8) term -> . term HASHTAG term
    (9) term -> . term SIFRAO term
    (10) term -> . SIMBOLOS term
    (11) term -> . term term
    (12) term -> . term NUMBER

    ELEMENTO        shift and go to state 5
    ELEMENTOMINUS   shift and go to state 4
    CEELE           shift and go to state 3
    SIMBOLOS        shift and go to state 2

    term                           shift and go to state 1

state 1

    (0) S' -> term .
    (5) term -> term . SIMBOLOS
    (6) term -> term . SIMBOLOS term
    (7) term -> term . IGUAL term
    (8) term -> term . HASHTAG term
    (9) term -> term . SIFRAO term
    (11) term -> term . term
    (12) term -> term . NUMBER
    (1) term -> . ELEMENTO
    (2) term -> . ELEMENTOMINUS
    (3) term -> . CEELE
    (5) term -> . term SIMBOLOS
    (6) term -> . term SIMBOLOS term
    (7) term -> . term IGUAL term
    (8) term -> . term HASHTAG term
    (9) term -> . term SIFRAO term
    (10) term -> . SIMBOLOS term
    (11) term -> . term term
    (12) term -> . term NUMBER

    SIMBOLOS        shift and go to state 7
    IGUAL           shift and go to state 9
    HASHTAG         shift and go to state 10
    SIFRAO          shift and go to state 11
    NUMBER          shift and go to state 8
    ELEMENTO        shift and go to state 5
    ELEMENTOMINUS   shift and go to state 4
    CEELE           shift and go to state 3

    term                           shift and go to state 6

state 2

    (10) term -> SIMBOLOS . term
    (1) term -> . ELEMENTO
    (2) term -> . ELEMENTOMINUS
    (3) term -> . CEELE
    (5) term -> . term SIMBOLOS
    (6) term -> . term SIMBOLOS term
    (7) term -> . term IGUAL term
    (8) term -> . term HASHTAG term
    (9) term -> . term SIFRAO term
    (10) term -> . SIMBOLOS term
    (11) term -> . term term
    (12) term -> . term NUMBER

    ELEMENTO        shift and go to state 5
    ELEMENTOMINUS   shift and go to state 4
    CEELE           shift and go to state 3
    SIMBOLOS        shift and go to state 2

    term                           shift and go to state 12

state 3

    (3) term -> CEELE .

    SIMBOLOS        reduce using rule 3 (term -> CEELE .)
    IGUAL           reduce using rule 3 (term -> CEELE .)
    HASHTAG         reduce using rule 3 (term -> CEELE .)
    SIFRAO          reduce using rule 3 (term -> CEELE .)
    NUMBER          reduce using rule 3 (term -> CEELE .)
    ELEMENTO        reduce using rule 3 (term -> CEELE .)
    ELEMENTOMINUS   reduce using rule 3 (term -> CEELE .)
    CEELE           reduce using rule 3 (term -> CEELE .)
    $end            reduce using rule 3 (term -> CEELE .)


state 4

    (2) term -> ELEMENTOMINUS .

    SIMBOLOS        reduce using rule 2 (term -> ELEMENTOMINUS .)
    IGUAL           reduce using rule 2 (term -> ELEMENTOMINUS .)
    HASHTAG         reduce using rule 2 (term -> ELEMENTOMINUS .)
    SIFRAO          reduce using rule 2 (term -> ELEMENTOMINUS .)
    NUMBER          reduce using rule 2 (term -> ELEMENTOMINUS .)
    ELEMENTO        reduce using rule 2 (term -> ELEMENTOMINUS .)
    ELEMENTOMINUS   reduce using rule 2 (term -> ELEMENTOMINUS .)
    CEELE           reduce using rule 2 (term -> ELEMENTOMINUS .)
    $end            reduce using rule 2 (term -> ELEMENTOMINUS .)


state 5

    (1) term -> ELEMENTO .

    SIMBOLOS        reduce using rule 1 (term -> ELEMENTO .)
    IGUAL           reduce using rule 1 (term -> ELEMENTO .)
    HASHTAG         reduce using rule 1 (term -> ELEMENTO .)
    SIFRAO          reduce using rule 1 (term -> ELEMENTO .)
    NUMBER          reduce using rule 1 (term -> ELEMENTO .)
    ELEMENTO        reduce using rule 1 (term -> ELEMENTO .)
    ELEMENTOMINUS   reduce using rule 1 (term -> ELEMENTO .)
    CEELE           reduce using rule 1 (term -> ELEMENTO .)
    $end            reduce using rule 1 (term -> ELEMENTO .)


state 6

    (11) term -> term term .
    (5) term -> term . SIMBOLOS
    (6) term -> term . SIMBOLOS term
    (7) term -> term . IGUAL term
    (8) term -> term . HASHTAG term
    (9) term -> term . SIFRAO term
    (11) term -> term . term
    (12) term -> term . NUMBER
    (1) term -> . ELEMENTO
    (2) term -> . ELEMENTOMINUS
    (3) term -> . CEELE
    (5) term -> . term SIMBOLOS
    (6) term -> . term SIMBOLOS term
    (7) term -> . term IGUAL term
    (8) term -> . term HASHTAG term
    (9) term -> . term SIFRAO term
    (10) term -> . SIMBOLOS term
    (11) term -> . term term
    (12) term -> . term NUMBER

  ! shift/reduce conflict for SIMBOLOS resolved as shift
  ! shift/reduce conflict for IGUAL resolved as shift
  ! shift/reduce conflict for HASHTAG resolved as shift
  ! shift/reduce conflict for SIFRAO resolved as shift
  ! shift/reduce conflict for NUMBER resolved as shift
  ! shift/reduce conflict for ELEMENTO resolved as shift
  ! shift/reduce conflict for ELEMENTOMINUS resolved as shift
  ! shift/reduce conflict for CEELE resolved as shift
    $end            reduce using rule 11 (term -> term term .)
    SIMBOLOS        shift and go to state 7
    IGUAL           shift and go to state 9
    HASHTAG         shift and go to state 10
    SIFRAO          shift and go to state 11
    NUMBER          shift and go to state 8
    ELEMENTO        shift and go to state 5
    ELEMENTOMINUS   shift and go to state 4
    CEELE           shift and go to state 3

  ! SIMBOLOS        [ reduce using rule 11 (term -> term term .) ]
  ! IGUAL           [ reduce using rule 11 (term -> term term .) ]
  ! HASHTAG         [ reduce using rule 11 (term -> term term .) ]
  ! SIFRAO          [ reduce using rule 11 (term -> term term .) ]
  ! NUMBER          [ reduce using rule 11 (term -> term term .) ]
  ! ELEMENTO        [ reduce using rule 11 (term -> term term .) ]
  ! ELEMENTOMINUS   [ reduce using rule 11 (term -> term term .) ]
  ! CEELE           [ reduce using rule 11 (term -> term term .) ]

    term                           shift and go to state 6

state 7

    (5) term -> term SIMBOLOS .
    (6) term -> term SIMBOLOS . term
    (10) term -> SIMBOLOS . term
    (1) term -> . ELEMENTO
    (2) term -> . ELEMENTOMINUS
    (3) term -> . CEELE
    (5) term -> . term SIMBOLOS
    (6) term -> . term SIMBOLOS term
    (7) term -> . term IGUAL term
    (8) term -> . term HASHTAG term
    (9) term -> . term SIFRAO term
    (10) term -> . SIMBOLOS term
    (11) term -> . term term
    (12) term -> . term NUMBER

  ! shift/reduce conflict for ELEMENTO resolved as shift
  ! shift/reduce conflict for ELEMENTOMINUS resolved as shift
  ! shift/reduce conflict for CEELE resolved as shift
  ! shift/reduce conflict for SIMBOLOS resolved as shift
    IGUAL           reduce using rule 5 (term -> term SIMBOLOS .)
    HASHTAG         reduce using rule 5 (term -> term SIMBOLOS .)
    SIFRAO          reduce using rule 5 (term -> term SIMBOLOS .)
    NUMBER          reduce using rule 5 (term -> term SIMBOLOS .)
    $end            reduce using rule 5 (term -> term SIMBOLOS .)
    ELEMENTO        shift and go to state 5
    ELEMENTOMINUS   shift and go to state 4
    CEELE           shift and go to state 3
    SIMBOLOS        shift and go to state 2

  ! SIMBOLOS        [ reduce using rule 5 (term -> term SIMBOLOS .) ]
  ! ELEMENTO        [ reduce using rule 5 (term -> term SIMBOLOS .) ]
  ! ELEMENTOMINUS   [ reduce using rule 5 (term -> term SIMBOLOS .) ]
  ! CEELE           [ reduce using rule 5 (term -> term SIMBOLOS .) ]

    term                           shift and go to state 13

state 8

    (12) term -> term NUMBER .

    SIMBOLOS        reduce using rule 12 (term -> term NUMBER .)
    IGUAL           reduce using rule 12 (term -> term NUMBER .)
    HASHTAG         reduce using rule 12 (term -> term NUMBER .)
    SIFRAO          reduce using rule 12 (term -> term NUMBER .)
    NUMBER          reduce using rule 12 (term -> term NUMBER .)
    ELEMENTO        reduce using rule 12 (term -> term NUMBER .)
    ELEMENTOMINUS   reduce using rule 12 (term -> term NUMBER .)
    CEELE           reduce using rule 12 (term -> term NUMBER .)
    $end            reduce using rule 12 (term -> term NUMBER .)


state 9

    (7) term -> term IGUAL . term
    (1) term -> . ELEMENTO
    (2) term -> . ELEMENTOMINUS
    (3) term -> . CEELE
    (5) term -> . term SIMBOLOS
    (6) term -> . term SIMBOLOS term
    (7) term -> . term IGUAL term
    (8) term -> . term HASHTAG term
    (9) term -> . term SIFRAO term
    (10) term -> . SIMBOLOS term
    (11) term -> . term term
    (12) term -> . term NUMBER

    ELEMENTO        shift and go to state 5
    ELEMENTOMINUS   shift and go to state 4
    CEELE           shift and go to state 3
    SIMBOLOS        shift and go to state 2

    term                           shift and go to state 14

state 10

    (8) term -> term HASHTAG . term
    (1) term -> . ELEMENTO
    (2) term -> . ELEMENTOMINUS
    (3) term -> . CEELE
    (5) term -> . term SIMBOLOS
    (6) term -> . term SIMBOLOS term
    (7) term -> . term IGUAL term
    (8) term -> . term HASHTAG term
    (9) term -> . term SIFRAO term
    (10) term -> . SIMBOLOS term
    (11) term -> . term term
    (12) term -> . term NUMBER

    ELEMENTO        shift and go to state 5
    ELEMENTOMINUS   shift and go to state 4
    CEELE           shift and go to state 3
    SIMBOLOS        shift and go to state 2

    term                           shift and go to state 15

state 11

    (9) term -> term SIFRAO . term
    (1) term -> . ELEMENTO
    (2) term -> . ELEMENTOMINUS
    (3) term -> . CEELE
    (5) term -> . term SIMBOLOS
    (6) term -> . term SIMBOLOS term
    (7) term -> . term IGUAL term
    (8) term -> . term HASHTAG term
    (9) term -> . term SIFRAO term
    (10) term -> . SIMBOLOS term
    (11) term -> . term term
    (12) term -> . term NUMBER

    ELEMENTO        shift and go to state 5
    ELEMENTOMINUS   shift and go to state 4
    CEELE           shift and go to state 3
    SIMBOLOS        shift and go to state 2

    term                           shift and go to state 16

state 12

    (10) term -> SIMBOLOS term .
    (5) term -> term . SIMBOLOS
    (6) term -> term . SIMBOLOS term
    (7) term -> term . IGUAL term
    (8) term -> term . HASHTAG term
    (9) term -> term . SIFRAO term
    (11) term -> term . term
    (12) term -> term . NUMBER
    (1) term -> . ELEMENTO
    (2) term -> . ELEMENTOMINUS
    (3) term -> . CEELE
    (5) term -> . term SIMBOLOS
    (6) term -> . term SIMBOLOS term
    (7) term -> . term IGUAL term
    (8) term -> . term HASHTAG term
    (9) term -> . term SIFRAO term
    (10) term -> . SIMBOLOS term
    (11) term -> . term term
    (12) term -> . term NUMBER

  ! shift/reduce conflict for SIMBOLOS resolved as shift
  ! shift/reduce conflict for IGUAL resolved as shift
  ! shift/reduce conflict for HASHTAG resolved as shift
  ! shift/reduce conflict for SIFRAO resolved as shift
  ! shift/reduce conflict for NUMBER resolved as shift
  ! shift/reduce conflict for ELEMENTO resolved as shift
  ! shift/reduce conflict for ELEMENTOMINUS resolved as shift
  ! shift/reduce conflict for CEELE resolved as shift
    $end            reduce using rule 10 (term -> SIMBOLOS term .)
    SIMBOLOS        shift and go to state 7
    IGUAL           shift and go to state 9
    HASHTAG         shift and go to state 10
    SIFRAO          shift and go to state 11
    NUMBER          shift and go to state 8
    ELEMENTO        shift and go to state 5
    ELEMENTOMINUS   shift and go to state 4
    CEELE           shift and go to state 3

  ! SIMBOLOS        [ reduce using rule 10 (term -> SIMBOLOS term .) ]
  ! IGUAL           [ reduce using rule 10 (term -> SIMBOLOS term .) ]
  ! HASHTAG         [ reduce using rule 10 (term -> SIMBOLOS term .) ]
  ! SIFRAO          [ reduce using rule 10 (term -> SIMBOLOS term .) ]
  ! NUMBER          [ reduce using rule 10 (term -> SIMBOLOS term .) ]
  ! ELEMENTO        [ reduce using rule 10 (term -> SIMBOLOS term .) ]
  ! ELEMENTOMINUS   [ reduce using rule 10 (term -> SIMBOLOS term .) ]
  ! CEELE           [ reduce using rule 10 (term -> SIMBOLOS term .) ]

    term                           shift and go to state 6

state 13

    (6) term -> term SIMBOLOS term .
    (10) term -> SIMBOLOS term .
    (5) term -> term . SIMBOLOS
    (6) term -> term . SIMBOLOS term
    (7) term -> term . IGUAL term
    (8) term -> term . HASHTAG term
    (9) term -> term . SIFRAO term
    (11) term -> term . term
    (12) term -> term . NUMBER
    (1) term -> . ELEMENTO
    (2) term -> . ELEMENTOMINUS
    (3) term -> . CEELE
    (5) term -> . term SIMBOLOS
    (6) term -> . term SIMBOLOS term
    (7) term -> . term IGUAL term
    (8) term -> . term HASHTAG term
    (9) term -> . term SIFRAO term
    (10) term -> . SIMBOLOS term
    (11) term -> . term term
    (12) term -> . term NUMBER

  ! reduce/reduce conflict for SIMBOLOS resolved using rule 6 (term -> term SIMBOLOS term .)
  ! reduce/reduce conflict for IGUAL resolved using rule 6 (term -> term SIMBOLOS term .)
  ! reduce/reduce conflict for HASHTAG resolved using rule 6 (term -> term SIMBOLOS term .)
  ! reduce/reduce conflict for SIFRAO resolved using rule 6 (term -> term SIMBOLOS term .)
  ! reduce/reduce conflict for NUMBER resolved using rule 6 (term -> term SIMBOLOS term .)
  ! reduce/reduce conflict for ELEMENTO resolved using rule 6 (term -> term SIMBOLOS term .)
  ! reduce/reduce conflict for ELEMENTOMINUS resolved using rule 6 (term -> term SIMBOLOS term .)
  ! reduce/reduce conflict for CEELE resolved using rule 6 (term -> term SIMBOLOS term .)
  ! reduce/reduce conflict for $end resolved using rule 6 (term -> term SIMBOLOS term .)
  ! shift/reduce conflict for SIMBOLOS resolved as shift
  ! shift/reduce conflict for IGUAL resolved as shift
  ! shift/reduce conflict for HASHTAG resolved as shift
  ! shift/reduce conflict for SIFRAO resolved as shift
  ! shift/reduce conflict for NUMBER resolved as shift
  ! shift/reduce conflict for ELEMENTO resolved as shift
  ! shift/reduce conflict for ELEMENTOMINUS resolved as shift
  ! shift/reduce conflict for CEELE resolved as shift
    $end            reduce using rule 6 (term -> term SIMBOLOS term .)
    SIMBOLOS        shift and go to state 7
    IGUAL           shift and go to state 9
    HASHTAG         shift and go to state 10
    SIFRAO          shift and go to state 11
    NUMBER          shift and go to state 8
    ELEMENTO        shift and go to state 5
    ELEMENTOMINUS   shift and go to state 4
    CEELE           shift and go to state 3

  ! SIMBOLOS        [ reduce using rule 6 (term -> term SIMBOLOS term .) ]
  ! IGUAL           [ reduce using rule 6 (term -> term SIMBOLOS term .) ]
  ! HASHTAG         [ reduce using rule 6 (term -> term SIMBOLOS term .) ]
  ! SIFRAO          [ reduce using rule 6 (term -> term SIMBOLOS term .) ]
  ! NUMBER          [ reduce using rule 6 (term -> term SIMBOLOS term .) ]
  ! ELEMENTO        [ reduce using rule 6 (term -> term SIMBOLOS term .) ]
  ! ELEMENTOMINUS   [ reduce using rule 6 (term -> term SIMBOLOS term .) ]
  ! CEELE           [ reduce using rule 6 (term -> term SIMBOLOS term .) ]
  ! SIMBOLOS        [ reduce using rule 10 (term -> SIMBOLOS term .) ]
  ! IGUAL           [ reduce using rule 10 (term -> SIMBOLOS term .) ]
  ! HASHTAG         [ reduce using rule 10 (term -> SIMBOLOS term .) ]
  ! SIFRAO          [ reduce using rule 10 (term -> SIMBOLOS term .) ]
  ! NUMBER          [ reduce using rule 10 (term -> SIMBOLOS term .) ]
  ! ELEMENTO        [ reduce using rule 10 (term -> SIMBOLOS term .) ]
  ! ELEMENTOMINUS   [ reduce using rule 10 (term -> SIMBOLOS term .) ]
  ! CEELE           [ reduce using rule 10 (term -> SIMBOLOS term .) ]
  ! $end            [ reduce using rule 10 (term -> SIMBOLOS term .) ]

    term                           shift and go to state 6

state 14

    (7) term -> term IGUAL term .
    (5) term -> term . SIMBOLOS
    (6) term -> term . SIMBOLOS term
    (7) term -> term . IGUAL term
    (8) term -> term . HASHTAG term
    (9) term -> term . SIFRAO term
    (11) term -> term . term
    (12) term -> term . NUMBER
    (1) term -> . ELEMENTO
    (2) term -> . ELEMENTOMINUS
    (3) term -> . CEELE
    (5) term -> . term SIMBOLOS
    (6) term -> . term SIMBOLOS term
    (7) term -> . term IGUAL term
    (8) term -> . term HASHTAG term
    (9) term -> . term SIFRAO term
    (10) term -> . SIMBOLOS term
    (11) term -> . term term
    (12) term -> . term NUMBER

  ! shift/reduce conflict for SIMBOLOS resolved as shift
  ! shift/reduce conflict for IGUAL resolved as shift
  ! shift/reduce conflict for HASHTAG resolved as shift
  ! shift/reduce conflict for SIFRAO resolved as shift
  ! shift/reduce conflict for NUMBER resolved as shift
  ! shift/reduce conflict for ELEMENTO resolved as shift
  ! shift/reduce conflict for ELEMENTOMINUS resolved as shift
  ! shift/reduce conflict for CEELE resolved as shift
    $end            reduce using rule 7 (term -> term IGUAL term .)
    SIMBOLOS        shift and go to state 7
    IGUAL           shift and go to state 9
    HASHTAG         shift and go to state 10
    SIFRAO          shift and go to state 11
    NUMBER          shift and go to state 8
    ELEMENTO        shift and go to state 5
    ELEMENTOMINUS   shift and go to state 4
    CEELE           shift and go to state 3

  ! SIMBOLOS        [ reduce using rule 7 (term -> term IGUAL term .) ]
  ! IGUAL           [ reduce using rule 7 (term -> term IGUAL term .) ]
  ! HASHTAG         [ reduce using rule 7 (term -> term IGUAL term .) ]
  ! SIFRAO          [ reduce using rule 7 (term -> term IGUAL term .) ]
  ! NUMBER          [ reduce using rule 7 (term -> term IGUAL term .) ]
  ! ELEMENTO        [ reduce using rule 7 (term -> term IGUAL term .) ]
  ! ELEMENTOMINUS   [ reduce using rule 7 (term -> term IGUAL term .) ]
  ! CEELE           [ reduce using rule 7 (term -> term IGUAL term .) ]

    term                           shift and go to state 6

state 15

    (8) term -> term HASHTAG term .
    (5) term -> term . SIMBOLOS
    (6) term -> term . SIMBOLOS term
    (7) term -> term . IGUAL term
    (8) term -> term . HASHTAG term
    (9) term -> term . SIFRAO term
    (11) term -> term . term
    (12) term -> term . NUMBER
    (1) term -> . ELEMENTO
    (2) term -> . ELEMENTOMINUS
    (3) term -> . CEELE
    (5) term -> . term SIMBOLOS
    (6) term -> . term SIMBOLOS term
    (7) term -> . term IGUAL term
    (8) term -> . term HASHTAG term
    (9) term -> . term SIFRAO term
    (10) term -> . SIMBOLOS term
    (11) term -> . term term
    (12) term -> . term NUMBER

  ! shift/reduce conflict for SIMBOLOS resolved as shift
  ! shift/reduce conflict for IGUAL resolved as shift
  ! shift/reduce conflict for HASHTAG resolved as shift
  ! shift/reduce conflict for SIFRAO resolved as shift
  ! shift/reduce conflict for NUMBER resolved as shift
  ! shift/reduce conflict for ELEMENTO resolved as shift
  ! shift/reduce conflict for ELEMENTOMINUS resolved as shift
  ! shift/reduce conflict for CEELE resolved as shift
    $end            reduce using rule 8 (term -> term HASHTAG term .)
    SIMBOLOS        shift and go to state 7
    IGUAL           shift and go to state 9
    HASHTAG         shift and go to state 10
    SIFRAO          shift and go to state 11
    NUMBER          shift and go to state 8
    ELEMENTO        shift and go to state 5
    ELEMENTOMINUS   shift and go to state 4
    CEELE           shift and go to state 3

  ! SIMBOLOS        [ reduce using rule 8 (term -> term HASHTAG term .) ]
  ! IGUAL           [ reduce using rule 8 (term -> term HASHTAG term .) ]
  ! HASHTAG         [ reduce using rule 8 (term -> term HASHTAG term .) ]
  ! SIFRAO          [ reduce using rule 8 (term -> term HASHTAG term .) ]
  ! NUMBER          [ reduce using rule 8 (term -> term HASHTAG term .) ]
  ! ELEMENTO        [ reduce using rule 8 (term -> term HASHTAG term .) ]
  ! ELEMENTOMINUS   [ reduce using rule 8 (term -> term HASHTAG term .) ]
  ! CEELE           [ reduce using rule 8 (term -> term HASHTAG term .) ]

    term                           shift and go to state 6

state 16

    (9) term -> term SIFRAO term .
    (5) term -> term . SIMBOLOS
    (6) term -> term . SIMBOLOS term
    (7) term -> term . IGUAL term
    (8) term -> term . HASHTAG term
    (9) term -> term . SIFRAO term
    (11) term -> term . term
    (12) term -> term . NUMBER
    (1) term -> . ELEMENTO
    (2) term -> . ELEMENTOMINUS
    (3) term -> . CEELE
    (5) term -> . term SIMBOLOS
    (6) term -> . term SIMBOLOS term
    (7) term -> . term IGUAL term
    (8) term -> . term HASHTAG term
    (9) term -> . term SIFRAO term
    (10) term -> . SIMBOLOS term
    (11) term -> . term term
    (12) term -> . term NUMBER

  ! shift/reduce conflict for SIMBOLOS resolved as shift
  ! shift/reduce conflict for IGUAL resolved as shift
  ! shift/reduce conflict for HASHTAG resolved as shift
  ! shift/reduce conflict for SIFRAO resolved as shift
  ! shift/reduce conflict for NUMBER resolved as shift
  ! shift/reduce conflict for ELEMENTO resolved as shift
  ! shift/reduce conflict for ELEMENTOMINUS resolved as shift
  ! shift/reduce conflict for CEELE resolved as shift
    $end            reduce using rule 9 (term -> term SIFRAO term .)
    SIMBOLOS        shift and go to state 7
    IGUAL           shift and go to state 9
    HASHTAG         shift and go to state 10
    SIFRAO          shift and go to state 11
    NUMBER          shift and go to state 8
    ELEMENTO        shift and go to state 5
    ELEMENTOMINUS   shift and go to state 4
    CEELE           shift and go to state 3

  ! SIMBOLOS        [ reduce using rule 9 (term -> term SIFRAO term .) ]
  ! IGUAL           [ reduce using rule 9 (term -> term SIFRAO term .) ]
  ! HASHTAG         [ reduce using rule 9 (term -> term SIFRAO term .) ]
  ! SIFRAO          [ reduce using rule 9 (term -> term SIFRAO term .) ]
  ! NUMBER          [ reduce using rule 9 (term -> term SIFRAO term .) ]
  ! ELEMENTO        [ reduce using rule 9 (term -> term SIFRAO term .) ]
  ! ELEMENTOMINUS   [ reduce using rule 9 (term -> term SIFRAO term .) ]
  ! CEELE           [ reduce using rule 9 (term -> term SIFRAO term .) ]

    term                           shift and go to state 6
WARNING: 
WARNING: Conflicts:
WARNING: 
WARNING: shift/reduce conflict for SIMBOLOS in state 6 resolved as shift
WARNING: shift/reduce conflict for IGUAL in state 6 resolved as shift
WARNING: shift/reduce conflict for HASHTAG in state 6 resolved as shift
WARNING: shift/reduce conflict for SIFRAO in state 6 resolved as shift
WARNING: shift/reduce conflict for NUMBER in state 6 resolved as shift
WARNING: shift/reduce conflict for ELEMENTO in state 6 resolved as shift
WARNING: shift/reduce conflict for ELEMENTOMINUS in state 6 resolved as shift
WARNING: shift/reduce conflict for CEELE in state 6 resolved as shift
WARNING: shift/reduce conflict for ELEMENTO in state 7 resolved as shift
WARNING: shift/reduce conflict for ELEMENTOMINUS in state 7 resolved as shift
WARNING: shift/reduce conflict for CEELE in state 7 resolved as shift
WARNING: shift/reduce conflict for SIMBOLOS in state 7 resolved as shift
WARNING: shift/reduce conflict for SIMBOLOS in state 12 resolved as shift
WARNING: shift/reduce conflict for IGUAL in state 12 resolved as shift
WARNING: shift/reduce conflict for HASHTAG in state 12 resolved as shift
WARNING: shift/reduce conflict for SIFRAO in state 12 resolved as shift
WARNING: shift/reduce conflict for NUMBER in state 12 resolved as shift
WARNING: shift/reduce conflict for ELEMENTO in state 12 resolved as shift
WARNING: shift/reduce conflict for ELEMENTOMINUS in state 12 resolved as shift
WARNING: shift/reduce conflict for CEELE in state 12 resolved as shift
WARNING: shift/reduce conflict for SIMBOLOS in state 13 resolved as shift
WARNING: shift/reduce conflict for IGUAL in state 13 resolved as shift
WARNING: shift/reduce conflict for HASHTAG in state 13 resolved as shift
WARNING: shift/reduce conflict for SIFRAO in state 13 resolved as shift
WARNING: shift/reduce conflict for NUMBER in state 13 resolved as shift
WARNING: shift/reduce conflict for ELEMENTO in state 13 resolved as shift
WARNING: shift/reduce conflict for ELEMENTOMINUS in state 13 resolved as shift
WARNING: shift/reduce conflict for CEELE in state 13 resolved as shift
WARNING: shift/reduce conflict for SIMBOLOS in state 14 resolved as shift
WARNING: shift/reduce conflict for IGUAL in state 14 resolved as shift
WARNING: shift/reduce conflict for HASHTAG in state 14 resolved as shift
WARNING: shift/reduce conflict for SIFRAO in state 14 resolved as shift
WARNING: shift/reduce conflict for NUMBER in state 14 resolved as shift
WARNING: shift/reduce conflict for ELEMENTO in state 14 resolved as shift
WARNING: shift/reduce conflict for ELEMENTOMINUS in state 14 resolved as shift
WARNING: shift/reduce conflict for CEELE in state 14 resolved as shift
WARNING: shift/reduce conflict for SIMBOLOS in state 15 resolved as shift
WARNING: shift/reduce conflict for IGUAL in state 15 resolved as shift
WARNING: shift/reduce conflict for HASHTAG in state 15 resolved as shift
WARNING: shift/reduce conflict for SIFRAO in state 15 resolved as shift
WARNING: shift/reduce conflict for NUMBER in state 15 resolved as shift
WARNING: shift/reduce conflict for ELEMENTO in state 15 resolved as shift
WARNING: shift/reduce conflict for ELEMENTOMINUS in state 15 resolved as shift
WARNING: shift/reduce conflict for CEELE in state 15 resolved as shift
WARNING: shift/reduce conflict for SIMBOLOS in state 16 resolved as shift
WARNING: shift/reduce conflict for IGUAL in state 16 resolved as shift
WARNING: shift/reduce conflict for HASHTAG in state 16 resolved as shift
WARNING: shift/reduce conflict for SIFRAO in state 16 resolved as shift
WARNING: shift/reduce conflict for NUMBER in state 16 resolved as shift
WARNING: shift/reduce conflict for ELEMENTO in state 16 resolved as shift
WARNING: shift/reduce conflict for ELEMENTOMINUS in state 16 resolved as shift
WARNING: shift/reduce conflict for CEELE in state 16 resolved as shift
WARNING: reduce/reduce conflict in state 13 resolved using rule (term -> term SIMBOLOS term)
WARNING: rejected rule (term -> SIMBOLOS term) in state 13
