Created by PLY version 3.10 (http://www.dabeaz.com/ply)

Grammar

Rule 0     S' -> term
Rule 1     term -> VARIAVEL
Rule 2     term -> ELEMENTO
Rule 3     term -> ELEMENTOMINUS
Rule 4     term -> LSIMBOLOS
Rule 5     term -> RSIMBOLOS
Rule 6     term -> term IGUAL term
Rule 7     term -> term HASHTAG term
Rule 8     term -> term SIFRAO term
Rule 9     term -> term term
Rule 10    term -> term NUMBER

Terminals, with rules where they appear

ELEMENTO             : 2
ELEMENTOMINUS        : 3
HASHTAG              : 7
IGUAL                : 6
LSIMBOLOS            : 4
NUMBER               : 10
RSIMBOLOS            : 5
SIFRAO               : 8
VARIAVEL             : 1
error                : 

Nonterminals, with rules where they appear

term                 : 6 6 7 7 8 8 9 9 10 0

Parsing method: SLR

state 0

    (0) S' -> . term
    (1) term -> . VARIAVEL
    (2) term -> . ELEMENTO
    (3) term -> . ELEMENTOMINUS
    (4) term -> . LSIMBOLOS
    (5) term -> . RSIMBOLOS
    (6) term -> . term IGUAL term
    (7) term -> . term HASHTAG term
    (8) term -> . term SIFRAO term
    (9) term -> . term term
    (10) term -> . term NUMBER

    VARIAVEL        shift and go to state 2
    ELEMENTO        shift and go to state 6
    ELEMENTOMINUS   shift and go to state 4
    LSIMBOLOS       shift and go to state 3
    RSIMBOLOS       shift and go to state 5

    term                           shift and go to state 1

state 1

    (0) S' -> term .
    (6) term -> term . IGUAL term
    (7) term -> term . HASHTAG term
    (8) term -> term . SIFRAO term
    (9) term -> term . term
    (10) term -> term . NUMBER
    (1) term -> . VARIAVEL
    (2) term -> . ELEMENTO
    (3) term -> . ELEMENTOMINUS
    (4) term -> . LSIMBOLOS
    (5) term -> . RSIMBOLOS
    (6) term -> . term IGUAL term
    (7) term -> . term HASHTAG term
    (8) term -> . term SIFRAO term
    (9) term -> . term term
    (10) term -> . term NUMBER

    IGUAL           shift and go to state 8
    HASHTAG         shift and go to state 10
    SIFRAO          shift and go to state 11
    NUMBER          shift and go to state 7
    VARIAVEL        shift and go to state 2
    ELEMENTO        shift and go to state 6
    ELEMENTOMINUS   shift and go to state 4
    LSIMBOLOS       shift and go to state 3
    RSIMBOLOS       shift and go to state 5

    term                           shift and go to state 9

state 2

    (1) term -> VARIAVEL .

    $end            reduce using rule 1 (term -> VARIAVEL .)
    IGUAL           reduce using rule 1 (term -> VARIAVEL .)
    HASHTAG         reduce using rule 1 (term -> VARIAVEL .)
    SIFRAO          reduce using rule 1 (term -> VARIAVEL .)
    VARIAVEL        reduce using rule 1 (term -> VARIAVEL .)
    ELEMENTO        reduce using rule 1 (term -> VARIAVEL .)
    ELEMENTOMINUS   reduce using rule 1 (term -> VARIAVEL .)
    LSIMBOLOS       reduce using rule 1 (term -> VARIAVEL .)
    RSIMBOLOS       reduce using rule 1 (term -> VARIAVEL .)
    NUMBER          reduce using rule 1 (term -> VARIAVEL .)


state 3

    (4) term -> LSIMBOLOS .

    $end            reduce using rule 4 (term -> LSIMBOLOS .)
    IGUAL           reduce using rule 4 (term -> LSIMBOLOS .)
    HASHTAG         reduce using rule 4 (term -> LSIMBOLOS .)
    SIFRAO          reduce using rule 4 (term -> LSIMBOLOS .)
    VARIAVEL        reduce using rule 4 (term -> LSIMBOLOS .)
    ELEMENTO        reduce using rule 4 (term -> LSIMBOLOS .)
    ELEMENTOMINUS   reduce using rule 4 (term -> LSIMBOLOS .)
    LSIMBOLOS       reduce using rule 4 (term -> LSIMBOLOS .)
    RSIMBOLOS       reduce using rule 4 (term -> LSIMBOLOS .)
    NUMBER          reduce using rule 4 (term -> LSIMBOLOS .)


state 4

    (3) term -> ELEMENTOMINUS .

    $end            reduce using rule 3 (term -> ELEMENTOMINUS .)
    IGUAL           reduce using rule 3 (term -> ELEMENTOMINUS .)
    HASHTAG         reduce using rule 3 (term -> ELEMENTOMINUS .)
    SIFRAO          reduce using rule 3 (term -> ELEMENTOMINUS .)
    VARIAVEL        reduce using rule 3 (term -> ELEMENTOMINUS .)
    ELEMENTO        reduce using rule 3 (term -> ELEMENTOMINUS .)
    ELEMENTOMINUS   reduce using rule 3 (term -> ELEMENTOMINUS .)
    LSIMBOLOS       reduce using rule 3 (term -> ELEMENTOMINUS .)
    RSIMBOLOS       reduce using rule 3 (term -> ELEMENTOMINUS .)
    NUMBER          reduce using rule 3 (term -> ELEMENTOMINUS .)


state 5

    (5) term -> RSIMBOLOS .

    $end            reduce using rule 5 (term -> RSIMBOLOS .)
    IGUAL           reduce using rule 5 (term -> RSIMBOLOS .)
    HASHTAG         reduce using rule 5 (term -> RSIMBOLOS .)
    SIFRAO          reduce using rule 5 (term -> RSIMBOLOS .)
    VARIAVEL        reduce using rule 5 (term -> RSIMBOLOS .)
    ELEMENTO        reduce using rule 5 (term -> RSIMBOLOS .)
    ELEMENTOMINUS   reduce using rule 5 (term -> RSIMBOLOS .)
    LSIMBOLOS       reduce using rule 5 (term -> RSIMBOLOS .)
    RSIMBOLOS       reduce using rule 5 (term -> RSIMBOLOS .)
    NUMBER          reduce using rule 5 (term -> RSIMBOLOS .)


state 6

    (2) term -> ELEMENTO .

    $end            reduce using rule 2 (term -> ELEMENTO .)
    IGUAL           reduce using rule 2 (term -> ELEMENTO .)
    HASHTAG         reduce using rule 2 (term -> ELEMENTO .)
    SIFRAO          reduce using rule 2 (term -> ELEMENTO .)
    VARIAVEL        reduce using rule 2 (term -> ELEMENTO .)
    ELEMENTO        reduce using rule 2 (term -> ELEMENTO .)
    ELEMENTOMINUS   reduce using rule 2 (term -> ELEMENTO .)
    LSIMBOLOS       reduce using rule 2 (term -> ELEMENTO .)
    RSIMBOLOS       reduce using rule 2 (term -> ELEMENTO .)
    NUMBER          reduce using rule 2 (term -> ELEMENTO .)


state 7

    (10) term -> term NUMBER .

    $end            reduce using rule 10 (term -> term NUMBER .)
    IGUAL           reduce using rule 10 (term -> term NUMBER .)
    HASHTAG         reduce using rule 10 (term -> term NUMBER .)
    SIFRAO          reduce using rule 10 (term -> term NUMBER .)
    VARIAVEL        reduce using rule 10 (term -> term NUMBER .)
    ELEMENTO        reduce using rule 10 (term -> term NUMBER .)
    ELEMENTOMINUS   reduce using rule 10 (term -> term NUMBER .)
    LSIMBOLOS       reduce using rule 10 (term -> term NUMBER .)
    RSIMBOLOS       reduce using rule 10 (term -> term NUMBER .)
    NUMBER          reduce using rule 10 (term -> term NUMBER .)


state 8

    (6) term -> term IGUAL . term
    (1) term -> . VARIAVEL
    (2) term -> . ELEMENTO
    (3) term -> . ELEMENTOMINUS
    (4) term -> . LSIMBOLOS
    (5) term -> . RSIMBOLOS
    (6) term -> . term IGUAL term
    (7) term -> . term HASHTAG term
    (8) term -> . term SIFRAO term
    (9) term -> . term term
    (10) term -> . term NUMBER

    VARIAVEL        shift and go to state 2
    ELEMENTO        shift and go to state 6
    ELEMENTOMINUS   shift and go to state 4
    LSIMBOLOS       shift and go to state 3
    RSIMBOLOS       shift and go to state 5

    term                           shift and go to state 12

state 9

    (9) term -> term term .
    (6) term -> term . IGUAL term
    (7) term -> term . HASHTAG term
    (8) term -> term . SIFRAO term
    (9) term -> term . term
    (10) term -> term . NUMBER
    (1) term -> . VARIAVEL
    (2) term -> . ELEMENTO
    (3) term -> . ELEMENTOMINUS
    (4) term -> . LSIMBOLOS
    (5) term -> . RSIMBOLOS
    (6) term -> . term IGUAL term
    (7) term -> . term HASHTAG term
    (8) term -> . term SIFRAO term
    (9) term -> . term term
    (10) term -> . term NUMBER

  ! shift/reduce conflict for IGUAL resolved as shift
  ! shift/reduce conflict for HASHTAG resolved as shift
  ! shift/reduce conflict for SIFRAO resolved as shift
  ! shift/reduce conflict for NUMBER resolved as shift
  ! shift/reduce conflict for VARIAVEL resolved as shift
  ! shift/reduce conflict for ELEMENTO resolved as shift
  ! shift/reduce conflict for ELEMENTOMINUS resolved as shift
  ! shift/reduce conflict for LSIMBOLOS resolved as shift
  ! shift/reduce conflict for RSIMBOLOS resolved as shift
    $end            reduce using rule 9 (term -> term term .)
    IGUAL           shift and go to state 8
    HASHTAG         shift and go to state 10
    SIFRAO          shift and go to state 11
    NUMBER          shift and go to state 7
    VARIAVEL        shift and go to state 2
    ELEMENTO        shift and go to state 6
    ELEMENTOMINUS   shift and go to state 4
    LSIMBOLOS       shift and go to state 3
    RSIMBOLOS       shift and go to state 5

  ! IGUAL           [ reduce using rule 9 (term -> term term .) ]
  ! HASHTAG         [ reduce using rule 9 (term -> term term .) ]
  ! SIFRAO          [ reduce using rule 9 (term -> term term .) ]
  ! VARIAVEL        [ reduce using rule 9 (term -> term term .) ]
  ! ELEMENTO        [ reduce using rule 9 (term -> term term .) ]
  ! ELEMENTOMINUS   [ reduce using rule 9 (term -> term term .) ]
  ! LSIMBOLOS       [ reduce using rule 9 (term -> term term .) ]
  ! RSIMBOLOS       [ reduce using rule 9 (term -> term term .) ]
  ! NUMBER          [ reduce using rule 9 (term -> term term .) ]

    term                           shift and go to state 9

state 10

    (7) term -> term HASHTAG . term
    (1) term -> . VARIAVEL
    (2) term -> . ELEMENTO
    (3) term -> . ELEMENTOMINUS
    (4) term -> . LSIMBOLOS
    (5) term -> . RSIMBOLOS
    (6) term -> . term IGUAL term
    (7) term -> . term HASHTAG term
    (8) term -> . term SIFRAO term
    (9) term -> . term term
    (10) term -> . term NUMBER

    VARIAVEL        shift and go to state 2
    ELEMENTO        shift and go to state 6
    ELEMENTOMINUS   shift and go to state 4
    LSIMBOLOS       shift and go to state 3
    RSIMBOLOS       shift and go to state 5

    term                           shift and go to state 13

state 11

    (8) term -> term SIFRAO . term
    (1) term -> . VARIAVEL
    (2) term -> . ELEMENTO
    (3) term -> . ELEMENTOMINUS
    (4) term -> . LSIMBOLOS
    (5) term -> . RSIMBOLOS
    (6) term -> . term IGUAL term
    (7) term -> . term HASHTAG term
    (8) term -> . term SIFRAO term
    (9) term -> . term term
    (10) term -> . term NUMBER

    VARIAVEL        shift and go to state 2
    ELEMENTO        shift and go to state 6
    ELEMENTOMINUS   shift and go to state 4
    LSIMBOLOS       shift and go to state 3
    RSIMBOLOS       shift and go to state 5

    term                           shift and go to state 14

state 12

    (6) term -> term IGUAL term .
    (6) term -> term . IGUAL term
    (7) term -> term . HASHTAG term
    (8) term -> term . SIFRAO term
    (9) term -> term . term
    (10) term -> term . NUMBER
    (1) term -> . VARIAVEL
    (2) term -> . ELEMENTO
    (3) term -> . ELEMENTOMINUS
    (4) term -> . LSIMBOLOS
    (5) term -> . RSIMBOLOS
    (6) term -> . term IGUAL term
    (7) term -> . term HASHTAG term
    (8) term -> . term SIFRAO term
    (9) term -> . term term
    (10) term -> . term NUMBER

  ! shift/reduce conflict for IGUAL resolved as shift
  ! shift/reduce conflict for HASHTAG resolved as shift
  ! shift/reduce conflict for SIFRAO resolved as shift
  ! shift/reduce conflict for NUMBER resolved as shift
  ! shift/reduce conflict for VARIAVEL resolved as shift
  ! shift/reduce conflict for ELEMENTO resolved as shift
  ! shift/reduce conflict for ELEMENTOMINUS resolved as shift
  ! shift/reduce conflict for LSIMBOLOS resolved as shift
  ! shift/reduce conflict for RSIMBOLOS resolved as shift
    $end            reduce using rule 6 (term -> term IGUAL term .)
    IGUAL           shift and go to state 8
    HASHTAG         shift and go to state 10
    SIFRAO          shift and go to state 11
    NUMBER          shift and go to state 7
    VARIAVEL        shift and go to state 2
    ELEMENTO        shift and go to state 6
    ELEMENTOMINUS   shift and go to state 4
    LSIMBOLOS       shift and go to state 3
    RSIMBOLOS       shift and go to state 5

  ! IGUAL           [ reduce using rule 6 (term -> term IGUAL term .) ]
  ! HASHTAG         [ reduce using rule 6 (term -> term IGUAL term .) ]
  ! SIFRAO          [ reduce using rule 6 (term -> term IGUAL term .) ]
  ! VARIAVEL        [ reduce using rule 6 (term -> term IGUAL term .) ]
  ! ELEMENTO        [ reduce using rule 6 (term -> term IGUAL term .) ]
  ! ELEMENTOMINUS   [ reduce using rule 6 (term -> term IGUAL term .) ]
  ! LSIMBOLOS       [ reduce using rule 6 (term -> term IGUAL term .) ]
  ! RSIMBOLOS       [ reduce using rule 6 (term -> term IGUAL term .) ]
  ! NUMBER          [ reduce using rule 6 (term -> term IGUAL term .) ]

    term                           shift and go to state 9

state 13

    (7) term -> term HASHTAG term .
    (6) term -> term . IGUAL term
    (7) term -> term . HASHTAG term
    (8) term -> term . SIFRAO term
    (9) term -> term . term
    (10) term -> term . NUMBER
    (1) term -> . VARIAVEL
    (2) term -> . ELEMENTO
    (3) term -> . ELEMENTOMINUS
    (4) term -> . LSIMBOLOS
    (5) term -> . RSIMBOLOS
    (6) term -> . term IGUAL term
    (7) term -> . term HASHTAG term
    (8) term -> . term SIFRAO term
    (9) term -> . term term
    (10) term -> . term NUMBER

  ! shift/reduce conflict for IGUAL resolved as shift
  ! shift/reduce conflict for HASHTAG resolved as shift
  ! shift/reduce conflict for SIFRAO resolved as shift
  ! shift/reduce conflict for NUMBER resolved as shift
  ! shift/reduce conflict for VARIAVEL resolved as shift
  ! shift/reduce conflict for ELEMENTO resolved as shift
  ! shift/reduce conflict for ELEMENTOMINUS resolved as shift
  ! shift/reduce conflict for LSIMBOLOS resolved as shift
  ! shift/reduce conflict for RSIMBOLOS resolved as shift
    $end            reduce using rule 7 (term -> term HASHTAG term .)
    IGUAL           shift and go to state 8
    HASHTAG         shift and go to state 10
    SIFRAO          shift and go to state 11
    NUMBER          shift and go to state 7
    VARIAVEL        shift and go to state 2
    ELEMENTO        shift and go to state 6
    ELEMENTOMINUS   shift and go to state 4
    LSIMBOLOS       shift and go to state 3
    RSIMBOLOS       shift and go to state 5

  ! IGUAL           [ reduce using rule 7 (term -> term HASHTAG term .) ]
  ! HASHTAG         [ reduce using rule 7 (term -> term HASHTAG term .) ]
  ! SIFRAO          [ reduce using rule 7 (term -> term HASHTAG term .) ]
  ! VARIAVEL        [ reduce using rule 7 (term -> term HASHTAG term .) ]
  ! ELEMENTO        [ reduce using rule 7 (term -> term HASHTAG term .) ]
  ! ELEMENTOMINUS   [ reduce using rule 7 (term -> term HASHTAG term .) ]
  ! LSIMBOLOS       [ reduce using rule 7 (term -> term HASHTAG term .) ]
  ! RSIMBOLOS       [ reduce using rule 7 (term -> term HASHTAG term .) ]
  ! NUMBER          [ reduce using rule 7 (term -> term HASHTAG term .) ]

    term                           shift and go to state 9

state 14

    (8) term -> term SIFRAO term .
    (6) term -> term . IGUAL term
    (7) term -> term . HASHTAG term
    (8) term -> term . SIFRAO term
    (9) term -> term . term
    (10) term -> term . NUMBER
    (1) term -> . VARIAVEL
    (2) term -> . ELEMENTO
    (3) term -> . ELEMENTOMINUS
    (4) term -> . LSIMBOLOS
    (5) term -> . RSIMBOLOS
    (6) term -> . term IGUAL term
    (7) term -> . term HASHTAG term
    (8) term -> . term SIFRAO term
    (9) term -> . term term
    (10) term -> . term NUMBER

  ! shift/reduce conflict for IGUAL resolved as shift
  ! shift/reduce conflict for HASHTAG resolved as shift
  ! shift/reduce conflict for SIFRAO resolved as shift
  ! shift/reduce conflict for NUMBER resolved as shift
  ! shift/reduce conflict for VARIAVEL resolved as shift
  ! shift/reduce conflict for ELEMENTO resolved as shift
  ! shift/reduce conflict for ELEMENTOMINUS resolved as shift
  ! shift/reduce conflict for LSIMBOLOS resolved as shift
  ! shift/reduce conflict for RSIMBOLOS resolved as shift
    $end            reduce using rule 8 (term -> term SIFRAO term .)
    IGUAL           shift and go to state 8
    HASHTAG         shift and go to state 10
    SIFRAO          shift and go to state 11
    NUMBER          shift and go to state 7
    VARIAVEL        shift and go to state 2
    ELEMENTO        shift and go to state 6
    ELEMENTOMINUS   shift and go to state 4
    LSIMBOLOS       shift and go to state 3
    RSIMBOLOS       shift and go to state 5

  ! IGUAL           [ reduce using rule 8 (term -> term SIFRAO term .) ]
  ! HASHTAG         [ reduce using rule 8 (term -> term SIFRAO term .) ]
  ! SIFRAO          [ reduce using rule 8 (term -> term SIFRAO term .) ]
  ! VARIAVEL        [ reduce using rule 8 (term -> term SIFRAO term .) ]
  ! ELEMENTO        [ reduce using rule 8 (term -> term SIFRAO term .) ]
  ! ELEMENTOMINUS   [ reduce using rule 8 (term -> term SIFRAO term .) ]
  ! LSIMBOLOS       [ reduce using rule 8 (term -> term SIFRAO term .) ]
  ! RSIMBOLOS       [ reduce using rule 8 (term -> term SIFRAO term .) ]
  ! NUMBER          [ reduce using rule 8 (term -> term SIFRAO term .) ]

    term                           shift and go to state 9
WARNING: 
WARNING: Conflicts:
WARNING: 
WARNING: shift/reduce conflict for IGUAL in state 9 resolved as shift
WARNING: shift/reduce conflict for HASHTAG in state 9 resolved as shift
WARNING: shift/reduce conflict for SIFRAO in state 9 resolved as shift
WARNING: shift/reduce conflict for NUMBER in state 9 resolved as shift
WARNING: shift/reduce conflict for VARIAVEL in state 9 resolved as shift
WARNING: shift/reduce conflict for ELEMENTO in state 9 resolved as shift
WARNING: shift/reduce conflict for ELEMENTOMINUS in state 9 resolved as shift
WARNING: shift/reduce conflict for LSIMBOLOS in state 9 resolved as shift
WARNING: shift/reduce conflict for RSIMBOLOS in state 9 resolved as shift
WARNING: shift/reduce conflict for IGUAL in state 12 resolved as shift
WARNING: shift/reduce conflict for HASHTAG in state 12 resolved as shift
WARNING: shift/reduce conflict for SIFRAO in state 12 resolved as shift
WARNING: shift/reduce conflict for NUMBER in state 12 resolved as shift
WARNING: shift/reduce conflict for VARIAVEL in state 12 resolved as shift
WARNING: shift/reduce conflict for ELEMENTO in state 12 resolved as shift
WARNING: shift/reduce conflict for ELEMENTOMINUS in state 12 resolved as shift
WARNING: shift/reduce conflict for LSIMBOLOS in state 12 resolved as shift
WARNING: shift/reduce conflict for RSIMBOLOS in state 12 resolved as shift
WARNING: shift/reduce conflict for IGUAL in state 13 resolved as shift
WARNING: shift/reduce conflict for HASHTAG in state 13 resolved as shift
WARNING: shift/reduce conflict for SIFRAO in state 13 resolved as shift
WARNING: shift/reduce conflict for NUMBER in state 13 resolved as shift
WARNING: shift/reduce conflict for VARIAVEL in state 13 resolved as shift
WARNING: shift/reduce conflict for ELEMENTO in state 13 resolved as shift
WARNING: shift/reduce conflict for ELEMENTOMINUS in state 13 resolved as shift
WARNING: shift/reduce conflict for LSIMBOLOS in state 13 resolved as shift
WARNING: shift/reduce conflict for RSIMBOLOS in state 13 resolved as shift
WARNING: shift/reduce conflict for IGUAL in state 14 resolved as shift
WARNING: shift/reduce conflict for HASHTAG in state 14 resolved as shift
WARNING: shift/reduce conflict for SIFRAO in state 14 resolved as shift
WARNING: shift/reduce conflict for NUMBER in state 14 resolved as shift
WARNING: shift/reduce conflict for VARIAVEL in state 14 resolved as shift
WARNING: shift/reduce conflict for ELEMENTO in state 14 resolved as shift
WARNING: shift/reduce conflict for ELEMENTOMINUS in state 14 resolved as shift
WARNING: shift/reduce conflict for LSIMBOLOS in state 14 resolved as shift
WARNING: shift/reduce conflict for RSIMBOLOS in state 14 resolved as shift
